0 silly argv {
0 silly argv   _: [ 'publish' ],
0 silly argv   composed: 'publish',
0 silly argv   lernaVersion: '4.0.0',
0 silly argv   '$0': 'lerna'
0 silly argv }
1 notice cli v4.0.0
2 verbose rootPath /Users/bytedance/workspace/test/lerna-test
3 verbose session 12b8287c1b4a0191
4 verbose user-agent lerna/4.0.0/node@v14.17.4+x64 (darwin)
5 silly argv { _: [ 'publish' ], composed: 'publish', lernaVersion: '4.0.0' }
6 verbose rootPath /Users/bytedance/workspace/test/lerna-test
7 info current version 0.0.4
8 silly isAnythingCommitted
9 verbose isAnythingCommitted 1
10 silly getCurrentBranch
11 verbose currentBranch master
12 silly remoteBranchExists
13 silly isBehindUpstream
14 silly isBehindUpstream master is behind origin/master by 0 commit(s) and ahead by 1
15 silly hasTags
16 verbose hasTags true
17 silly git-describe.sync "v0.0.4-1-g2a21b13" => {"lastTagName":"v0.0.4","lastVersion":"v0.0.4","refCount":"1","sha":"2a21b13","isDirty":false}
18 info Looking for changed packages since v0.0.4
19 silly checking diff packages/utils
20 silly found diff in packages/utils/package-lock.json
20 silly found diff in packages/utils/package.json
21 verbose filtered diff [ 'packages/utils/package-lock.json', 'packages/utils/package.json' ]
22 verbose updated @zq-lerna-demo/utils
23 verbose git-describe undefined => "v0.0.4-1-g2a21b13"
24 silly git-describe parsed => {"lastTagName":"v0.0.4","lastVersion":"v0.0.4","refCount":"1","sha":"2a21b13","isDirty":false}
25 info execute Skipping releases
26 silly lifecycle No script for "preversion" in "root", continuing
27 silly lifecycle No script for "preversion" in "@zq-lerna-demo/utils", continuing
28 silly lifecycle No script for "version" in "@zq-lerna-demo/utils", continuing
29 silly lifecycle No script for "version" in "root", continuing
30 silly gitAdd [
30 silly gitAdd   'packages/utils/package.json',
30 silly gitAdd   'packages/utils/package-lock.json',
30 silly gitAdd   'lerna.json'
30 silly gitAdd ]
31 silly gitCommit v0.0.5
32 verbose git [ 'commit', '-m', 'v0.0.5' ]
33 silly gitTag v0.0.5
34 verbose git [ 'tag', 'v0.0.5', '-m', 'v0.0.5' ]
35 silly lifecycle No script for "postversion" in "@zq-lerna-demo/utils", continuing
36 silly lifecycle No script for "postversion" in "root", continuing
37 info git Pushing tags...
38 silly gitPush origin master
39 info publish Publishing packages to npm...
40 notice Skipping all user and access validation due to third-party registry
41 notice Make sure you're authenticated properly ¯\_(ツ)_/¯
42 warn ENOLICENSE Package @zq-lerna-demo/utils is missing a license.
42 warn ENOLICENSE One way to fix this is to add a LICENSE.md file to the root of this repository.
42 warn ENOLICENSE See https://choosealicense.com for additional guidance.
43 silly getCurrentSHA
44 verbose getCurrentSHA dced478dbab1a10d4dc07c5dee22e3a69654d470
45 silly lifecycle No script for "prepublish" in "root", continuing
46 silly lifecycle No script for "prepare" in "root", continuing
47 silly lifecycle No script for "prepublishOnly" in "root", continuing
48 silly lifecycle No script for "prepack" in "root", continuing
49 verbose pack-directory packages/utils
50 silly lifecycle No script for "prepublish" in "@zq-lerna-demo/utils", continuing
51 silly lifecycle No script for "prepare" in "@zq-lerna-demo/utils", continuing
52 silly lifecycle No script for "prepublishOnly" in "@zq-lerna-demo/utils", continuing
53 silly lifecycle No script for "prepack" in "@zq-lerna-demo/utils", continuing
54 silly lifecycle No script for "postpack" in "@zq-lerna-demo/utils", continuing
55 verbose packed packages/utils
56 silly lifecycle No script for "postpack" in "root", continuing
57 verbose publish @zq-lerna-demo/utils
58 silly FetchError: request to https://registry.npm.org/@zq-lerna-demo%2futils failed, reason: Hostname/IP does not match certificate's altnames: Host: registry.npm.org. is not in the cert's altnames: DNS:npmsecure.org, DNS:www.npmsecure.org
58 silly     at ClientRequest.<anonymous> (/Users/bytedance/.nvm/versions/node/v14.17.4/lib/node_modules/lerna/node_modules/minipass-fetch/lib/index.js:110:14)
58 silly     at ClientRequest.emit (events.js:400:28)
58 silly     at TLSSocket.socketErrorListener (_http_client.js:475:9)
58 silly     at TLSSocket.emit (events.js:412:35)
58 silly     at emitErrorNT (internal/streams/destroy.js:106:8)
58 silly     at emitErrorCloseNT (internal/streams/destroy.js:74:3)
58 silly     at processTicksAndRejections (internal/process/task_queues.js:82:21)
58 silly  FetchError: request to https://registry.npm.org/@zq-lerna-demo%2futils failed, reason: Hostname/IP does not match certificate's altnames: Host: registry.npm.org. is not in the cert's altnames: DNS:npmsecure.org, DNS:www.npmsecure.org
58 silly     at ClientRequest.<anonymous> (/Users/bytedance/.nvm/versions/node/v14.17.4/lib/node_modules/lerna/node_modules/minipass-fetch/lib/index.js:110:14)
58 silly     at ClientRequest.emit (events.js:400:28)
58 silly     at TLSSocket.socketErrorListener (_http_client.js:475:9)
58 silly     at TLSSocket.emit (events.js:412:35)
58 silly     at emitErrorNT (internal/streams/destroy.js:106:8)
58 silly     at emitErrorCloseNT (internal/streams/destroy.js:74:3)
58 silly     at processTicksAndRejections (internal/process/task_queues.js:82:21) {
58 silly   code: 'ERR_TLS_CERT_ALTNAME_INVALID',
58 silly   reason: "Host: registry.npm.org. is not in the cert's altnames: DNS:npmsecure.org, DNS:www.npmsecure.org",
58 silly   host: 'registry.npm.org',
58 silly   cert: {
58 silly     subject: [Object: null prototype] { CN: 'npmsecure.org' },
58 silly     issuer: [Object: null prototype] {
58 silly       C: 'GB',
58 silly       ST: 'Greater Manchester',
58 silly       L: 'Salford',
58 silly       O: 'Sectigo Limited',
58 silly       CN: 'Sectigo RSA Domain Validation Secure Server CA'
58 silly     },
58 silly     subjectaltname: 'DNS:npmsecure.org, DNS:www.npmsecure.org',
58 silly     infoAccess: [Object: null prototype] {
58 silly       'CA Issuers - URI': [Array],
58 silly       'OCSP - URI': [Array]
58 silly     },
58 silly     modulus: '9EDE9AFD01944BCB4E57F814207C17BDBE8FBFF5E4FF2EB0A13E3855F7E91DB8AB80248D070AD2C1A1E117F14BF1763C5834B38733F88DBCE799924BC6C5705396E148017A1C152C5C0F5AF68D96697ED4973A5389D6EA6A1EE114CBB96B140E0376CD09BCE367BB9E8ECB446D95BCD27B6DB565B3F921BB1B6AD046BD95DB67702085B794834E77A69525020855BA79FD99E8916B8DE8AFFBB51A0FF00BCE0681E39BA859F8A93CD08BC946040E3871CD0A7758C18B675429BBB238934DC2D50D73F7D965CD8F62561423B994C12F27A1AC33BA017DB85F1C7805A845D6FA11E0B00D629650F24E237D54569650AEA1EBC1BE1C501F003B877F246685A5F067',
58 silly     bits: 2048,
58 silly     exponent: '0x10001',
58 silly     pubkey: <Buffer 30 82 01 22 30 0d 06 09 2a 86 48 86 f7 0d 01 01 01 05 00 03 82 01 0f 00 30 82 01 0a 02 82 01 01 00 9e de 9a fd 01 94 4b cb 4e 57 f8 14 20 7c 17 bd be ... 244 more bytes>,
58 silly     valid_from: 'Jan 16 00:00:00 2021 GMT',
58 silly     valid_to: 'Jan 23 23:59:59 2022 GMT',
58 silly     fingerprint: '8A:F4:46:B4:5F:B4:D8:9A:1C:2B:BA:E7:14:1D:90:DA:2A:36:7E:09',
58 silly     fingerprint256: '7E:25:A1:C4:1E:A8:2C:8D:93:27:38:FA:1C:72:ED:01:D8:82:12:91:A2:BF:28:02:1D:0D:99:4B:49:AB:2C:8B',
58 silly     ext_key_usage: [ '1.3.6.1.5.5.7.3.1', '1.3.6.1.5.5.7.3.2' ],
58 silly     serialNumber: '7E2ADE78D4679C1240027F00B31B6F55',
58 silly     raw: <Buffer 30 82 05 be 30 82 04 a6 a0 03 02 01 02 02 10 7e 2a de 78 d4 67 9c 12 40 02 7f 00 b3 1b 6f 55 30 0d 06 09 2a 86 48 86 f7 0d 01 01 0b 05 00 30 81 8f 31 ... 1424 more bytes>,
58 silly     issuerCertificate: {
58 silly       subject: [Object: null prototype],
58 silly       issuer: [Object: null prototype],
58 silly       infoAccess: [Object: null prototype],
58 silly       modulus: 'D67333D6D73C20D000D21745B8D63E07A23FC741EE3230C9B06CFDF49FCB12980F2D3F8D4D010C820F177F622EE9B84879FB16834EADD7322593B707BFB9503FA94CC3402AE939FFD981CA1F163241DA8026B9237A87201EE3FF209A3C95446F8775069040B4329316091008233ED2DD870F6F5D51146A0A69C54F017269CFD3934C6D04A0A31B827EB19AB9EDC59EC537789F9A0834FB562E58C4090E06645BBC37DCF19F2868A856B092A35C9FBB8898081B241DAB3085AEAFB02E9E7A9DC1C0421CE202F0EAE04AD2EF900EB4C14016F06F85424A64F7A430A0FEBF2EA3275A8E8B58B8ADC319178463ED6F56FD83CB6034C474BEE69DDBE1E4E5CA0C5F15',
58 silly       bits: 2048,
58 silly       exponent: '0x10001',
58 silly       pubkey: <Buffer 30 82 01 22 30 0d 06 09 2a 86 48 86 f7 0d 01 01 01 05 00 03 82 01 0f 00 30 82 01 0a 02 82 01 01 00 d6 73 33 d6 d7 3c 20 d0 00 d2 17 45 b8 d6 3e 07 a2 ... 244 more bytes>,
58 silly       valid_from: 'Nov  2 00:00:00 2018 GMT',
58 silly       valid_to: 'Dec 31 23:59:59 2030 GMT',
58 silly       fingerprint: '33:E4:E8:08:07:20:4C:2B:61:82:A3:A1:4B:59:1A:CD:25:B5:F0:DB',
58 silly       fingerprint256: '7F:A4:FF:68:EC:04:A9:9D:75:28:D5:08:5F:94:90:7F:4D:1D:D1:C5:38:1B:AC:DC:83:2E:D5:C9:60:21:46:76',
58 silly       ext_key_usage: [Array],
58 silly       serialNumber: '7D5B5126B476BA11DB74160BBC530DA7',
58 silly       raw: <Buffer 30 82 06 13 30 82 03 fb a0 03 02 01 02 02 10 7d 5b 51 26 b4 76 ba 11 db 74 16 0b bc 53 0d a7 30 0d 06 09 2a 86 48 86 f7 0d 01 01 0c 05 00 30 81 88 31 ... 1509 more bytes>,
58 silly       issuerCertificate: [Object]
58 silly     }
58 silly   },
58 silly   errno: 'ERR_TLS_CERT_ALTNAME_INVALID',
58 silly   type: 'system'
58 silly }
59 error ERR_TLS_CERT_ALTNAME_INVALID request to https://registry.npm.org/@zq-lerna-demo%2futils failed, reason: Hostname/IP does not match certificate's altnames: Host: registry.npm.org. is not in the cert's altnames: DNS:npmsecure.org, DNS:www.npmsecure.org
60 error FetchError: request to https://registry.npm.org/@zq-lerna-demo%2futils failed, reason: Hostname/IP does not match certificate's altnames: Host: registry.npm.org. is not in the cert's altnames: DNS:npmsecure.org, DNS:www.npmsecure.org
60 error     at ClientRequest.<anonymous> (/Users/bytedance/.nvm/versions/node/v14.17.4/lib/node_modules/lerna/node_modules/minipass-fetch/lib/index.js:110:14)
60 error     at ClientRequest.emit (events.js:400:28)
60 error     at TLSSocket.socketErrorListener (_http_client.js:475:9)
60 error     at TLSSocket.emit (events.js:412:35)
60 error     at emitErrorNT (internal/streams/destroy.js:106:8)
60 error     at emitErrorCloseNT (internal/streams/destroy.js:74:3)
